<?xml version="1.0" encoding="UTF-8"?>
<testng-results skipped="0" failed="0" total="73" passed="73">
  <reporter-output>
  </reporter-output>
  <suite name="Default suite" duration-ms="107702" started-at="2016-10-19T14:37:04Z" finished-at="2016-10-19T14:38:52Z">
    <groups>
    </groups>
    <test name="Default test" duration-ms="107702" started-at="2016-10-19T14:37:04Z" finished-at="2016-10-19T14:38:52Z">
      <class name="testCases.HybridExecuteTest">
        <test-method status="PASS" signature="testLogin(java.lang.String, java.lang.String, java.lang.String, java.lang.String, java.lang.String)[pri:0, instance:testCases.HybridExecuteTest@76956344]" name="testLogin" duration-ms="18899" started-at="2016-10-19T20:07:07Z" data-provider="hybridData" finished-at="2016-10-19T20:07:26Z">
          <params>
            <param index="0">
              <value>
                <![CDATA[Login In Application]]>
              </value>
            </param>
            <param index="1">
              <value>
                <![CDATA[]]>
              </value>
            </param>
            <param index="2">
              <value>
                <![CDATA[]]>
              </value>
            </param>
            <param index="3">
              <value>
                <![CDATA[]]>
              </value>
            </param>
            <param index="4">
              <value>
                <![CDATA[]]>
              </value>
            </param>
          </params>
          <reporter-output>
          </reporter-output>
        </test-method> <!-- testLogin -->
        <test-method status="PASS" signature="testLogin(java.lang.String, java.lang.String, java.lang.String, java.lang.String, java.lang.String)[pri:0, instance:testCases.HybridExecuteTest@76956344]" name="testLogin" duration-ms="3323" started-at="2016-10-19T20:07:26Z" data-provider="hybridData" finished-at="2016-10-19T20:07:30Z">
          <params>
            <param index="0">
              <value>
                <![CDATA[]]>
              </value>
            </param>
            <param index="1">
              <value>
                <![CDATA[GOTOURL]]>
              </value>
            </param>
            <param index="2">
              <value>
                <![CDATA[]]>
              </value>
            </param>
            <param index="3">
              <value>
                <![CDATA[]]>
              </value>
            </param>
            <param index="4">
              <value>
                <![CDATA[url]]>
              </value>
            </param>
          </params>
          <reporter-output>
          </reporter-output>
        </test-method> <!-- testLogin -->
        <test-method status="PASS" signature="testLogin(java.lang.String, java.lang.String, java.lang.String, java.lang.String, java.lang.String)[pri:0, instance:testCases.HybridExecuteTest@76956344]" name="testLogin" duration-ms="567" started-at="2016-10-19T20:07:30Z" data-provider="hybridData" finished-at="2016-10-19T20:07:30Z">
          <params>
            <param index="0">
              <value>
                <![CDATA[]]>
              </value>
            </param>
            <param index="1">
              <value>
                <![CDATA[SETTEXT]]>
              </value>
            </param>
            <param index="2">
              <value>
                <![CDATA[username]]>
              </value>
            </param>
            <param index="3">
              <value>
                <![CDATA[name]]>
              </value>
            </param>
            <param index="4">
              <value>
                <![CDATA[mngr51234]]>
              </value>
            </param>
          </params>
          <reporter-output>
          </reporter-output>
        </test-method> <!-- testLogin -->
        <test-method status="PASS" signature="testLogin(java.lang.String, java.lang.String, java.lang.String, java.lang.String, java.lang.String)[pri:0, instance:testCases.HybridExecuteTest@76956344]" name="testLogin" duration-ms="243" started-at="2016-10-19T20:07:30Z" data-provider="hybridData" finished-at="2016-10-19T20:07:30Z">
          <params>
            <param index="0">
              <value>
                <![CDATA[]]>
              </value>
            </param>
            <param index="1">
              <value>
                <![CDATA[SETTEXT]]>
              </value>
            </param>
            <param index="2">
              <value>
                <![CDATA[password]]>
              </value>
            </param>
            <param index="3">
              <value>
                <![CDATA[name]]>
              </value>
            </param>
            <param index="4">
              <value>
                <![CDATA[zybymEn]]>
              </value>
            </param>
          </params>
          <reporter-output>
          </reporter-output>
        </test-method> <!-- testLogin -->
        <test-method status="PASS" signature="testLogin(java.lang.String, java.lang.String, java.lang.String, java.lang.String, java.lang.String)[pri:0, instance:testCases.HybridExecuteTest@76956344]" name="testLogin" duration-ms="711" started-at="2016-10-19T20:07:30Z" data-provider="hybridData" finished-at="2016-10-19T20:07:31Z">
          <params>
            <param index="0">
              <value>
                <![CDATA[]]>
              </value>
            </param>
            <param index="1">
              <value>
                <![CDATA[CLICK]]>
              </value>
            </param>
            <param index="2">
              <value>
                <![CDATA[loginButton]]>
              </value>
            </param>
            <param index="3">
              <value>
                <![CDATA[name]]>
              </value>
            </param>
            <param index="4">
              <value>
                <![CDATA[]]>
              </value>
            </param>
          </params>
          <reporter-output>
          </reporter-output>
        </test-method> <!-- testLogin -->
        <test-method status="PASS" signature="testLogin(java.lang.String, java.lang.String, java.lang.String, java.lang.String, java.lang.String)[pri:0, instance:testCases.HybridExecuteTest@76956344]" name="testLogin" duration-ms="7046" started-at="2016-10-19T20:07:31Z" data-provider="hybridData" finished-at="2016-10-19T20:07:38Z">
          <params>
            <param index="0">
              <value>
                <![CDATA[New Customer]]>
              </value>
            </param>
            <param index="1">
              <value>
                <![CDATA[]]>
              </value>
            </param>
            <param index="2">
              <value>
                <![CDATA[]]>
              </value>
            </param>
            <param index="3">
              <value>
                <![CDATA[]]>
              </value>
            </param>
            <param index="4">
              <value>
                <![CDATA[]]>
              </value>
            </param>
          </params>
          <reporter-output>
          </reporter-output>
        </test-method> <!-- testLogin -->
        <test-method status="PASS" signature="testLogin(java.lang.String, java.lang.String, java.lang.String, java.lang.String, java.lang.String)[pri:0, instance:testCases.HybridExecuteTest@76956344]" name="testLogin" duration-ms="1564" started-at="2016-10-19T20:07:38Z" data-provider="hybridData" finished-at="2016-10-19T20:07:40Z">
          <params>
            <param index="0">
              <value>
                <![CDATA[]]>
              </value>
            </param>
            <param index="1">
              <value>
                <![CDATA[GOTOURL]]>
              </value>
            </param>
            <param index="2">
              <value>
                <![CDATA[]]>
              </value>
            </param>
            <param index="3">
              <value>
                <![CDATA[]]>
              </value>
            </param>
            <param index="4">
              <value>
                <![CDATA[url]]>
              </value>
            </param>
          </params>
          <reporter-output>
          </reporter-output>
        </test-method> <!-- testLogin -->
        <test-method status="PASS" signature="testLogin(java.lang.String, java.lang.String, java.lang.String, java.lang.String, java.lang.String)[pri:0, instance:testCases.HybridExecuteTest@76956344]" name="testLogin" duration-ms="268" started-at="2016-10-19T20:07:40Z" data-provider="hybridData" finished-at="2016-10-19T20:07:40Z">
          <params>
            <param index="0">
              <value>
                <![CDATA[]]>
              </value>
            </param>
            <param index="1">
              <value>
                <![CDATA[SETTEXT]]>
              </value>
            </param>
            <param index="2">
              <value>
                <![CDATA[username]]>
              </value>
            </param>
            <param index="3">
              <value>
                <![CDATA[name]]>
              </value>
            </param>
            <param index="4">
              <value>
                <![CDATA[mngr51234]]>
              </value>
            </param>
          </params>
          <reporter-output>
          </reporter-output>
        </test-method> <!-- testLogin -->
        <test-method status="PASS" signature="testLogin(java.lang.String, java.lang.String, java.lang.String, java.lang.String, java.lang.String)[pri:0, instance:testCases.HybridExecuteTest@76956344]" name="testLogin" duration-ms="302" started-at="2016-10-19T20:07:40Z" data-provider="hybridData" finished-at="2016-10-19T20:07:40Z">
          <params>
            <param index="0">
              <value>
                <![CDATA[]]>
              </value>
            </param>
            <param index="1">
              <value>
                <![CDATA[SETTEXT]]>
              </value>
            </param>
            <param index="2">
              <value>
                <![CDATA[password]]>
              </value>
            </param>
            <param index="3">
              <value>
                <![CDATA[name]]>
              </value>
            </param>
            <param index="4">
              <value>
                <![CDATA[zybymEn]]>
              </value>
            </param>
          </params>
          <reporter-output>
          </reporter-output>
        </test-method> <!-- testLogin -->
        <test-method status="PASS" signature="testLogin(java.lang.String, java.lang.String, java.lang.String, java.lang.String, java.lang.String)[pri:0, instance:testCases.HybridExecuteTest@76956344]" name="testLogin" duration-ms="572" started-at="2016-10-19T20:07:40Z" data-provider="hybridData" finished-at="2016-10-19T20:07:41Z">
          <params>
            <param index="0">
              <value>
                <![CDATA[]]>
              </value>
            </param>
            <param index="1">
              <value>
                <![CDATA[CLICK]]>
              </value>
            </param>
            <param index="2">
              <value>
                <![CDATA[loginButton]]>
              </value>
            </param>
            <param index="3">
              <value>
                <![CDATA[name]]>
              </value>
            </param>
            <param index="4">
              <value>
                <![CDATA[]]>
              </value>
            </param>
          </params>
          <reporter-output>
          </reporter-output>
        </test-method> <!-- testLogin -->
        <test-method status="PASS" signature="testLogin(java.lang.String, java.lang.String, java.lang.String, java.lang.String, java.lang.String)[pri:0, instance:testCases.HybridExecuteTest@76956344]" name="testLogin" duration-ms="1256" started-at="2016-10-19T20:07:41Z" data-provider="hybridData" finished-at="2016-10-19T20:07:42Z">
          <params>
            <param index="0">
              <value>
                <![CDATA[]]>
              </value>
            </param>
            <param index="1">
              <value>
                <![CDATA[CLICK]]>
              </value>
            </param>
            <param index="2">
              <value>
                <![CDATA[path]]>
              </value>
            </param>
            <param index="3">
              <value>
                <![CDATA[xpath]]>
              </value>
            </param>
            <param index="4">
              <value>
                <![CDATA[]]>
              </value>
            </param>
          </params>
          <reporter-output>
          </reporter-output>
        </test-method> <!-- testLogin -->
        <test-method status="PASS" signature="testLogin(java.lang.String, java.lang.String, java.lang.String, java.lang.String, java.lang.String)[pri:0, instance:testCases.HybridExecuteTest@76956344]" name="testLogin" duration-ms="755" started-at="2016-10-19T20:07:42Z" data-provider="hybridData" finished-at="2016-10-19T20:07:43Z">
          <params>
            <param index="0">
              <value>
                <![CDATA[]]>
              </value>
            </param>
            <param index="1">
              <value>
                <![CDATA[SETTEXT]]>
              </value>
            </param>
            <param index="2">
              <value>
                <![CDATA[cname]]>
              </value>
            </param>
            <param index="3">
              <value>
                <![CDATA[name]]>
              </value>
            </param>
            <param index="4">
              <value>
                <![CDATA[vincentn]]>
              </value>
            </param>
          </params>
          <reporter-output>
          </reporter-output>
        </test-method> <!-- testLogin -->
        <test-method status="PASS" signature="testLogin(java.lang.String, java.lang.String, java.lang.String, java.lang.String, java.lang.String)[pri:0, instance:testCases.HybridExecuteTest@76956344]" name="testLogin" duration-ms="293" started-at="2016-10-19T20:07:43Z" data-provider="hybridData" finished-at="2016-10-19T20:07:43Z">
          <params>
            <param index="0">
              <value>
                <![CDATA[]]>
              </value>
            </param>
            <param index="1">
              <value>
                <![CDATA[CLICK]]>
              </value>
            </param>
            <param index="2">
              <value>
                <![CDATA[gender]]>
              </value>
            </param>
            <param index="3">
              <value>
                <![CDATA[name]]>
              </value>
            </param>
            <param index="4">
              <value>
                <![CDATA[]]>
              </value>
            </param>
          </params>
          <reporter-output>
          </reporter-output>
        </test-method> <!-- testLogin -->
        <test-method status="PASS" signature="testLogin(java.lang.String, java.lang.String, java.lang.String, java.lang.String, java.lang.String)[pri:0, instance:testCases.HybridExecuteTest@76956344]" name="testLogin" duration-ms="253" started-at="2016-10-19T20:07:43Z" data-provider="hybridData" finished-at="2016-10-19T20:07:43Z">
          <params>
            <param index="0">
              <value>
                <![CDATA[]]>
              </value>
            </param>
            <param index="1">
              <value>
                <![CDATA[SETTEXT]]>
              </value>
            </param>
            <param index="2">
              <value>
                <![CDATA[dbirth]]>
              </value>
            </param>
            <param index="3">
              <value>
                <![CDATA[name]]>
              </value>
            </param>
            <param index="4">
              <value>
                <![CDATA[19/08/1984]]>
              </value>
            </param>
          </params>
          <reporter-output>
          </reporter-output>
        </test-method> <!-- testLogin -->
        <test-method status="PASS" signature="testLogin(java.lang.String, java.lang.String, java.lang.String, java.lang.String, java.lang.String)[pri:0, instance:testCases.HybridExecuteTest@76956344]" name="testLogin" duration-ms="186" started-at="2016-10-19T20:07:43Z" data-provider="hybridData" finished-at="2016-10-19T20:07:44Z">
          <params>
            <param index="0">
              <value>
                <![CDATA[]]>
              </value>
            </param>
            <param index="1">
              <value>
                <![CDATA[SETTEXT]]>
              </value>
            </param>
            <param index="2">
              <value>
                <![CDATA[add]]>
              </value>
            </param>
            <param index="3">
              <value>
                <![CDATA[name]]>
              </value>
            </param>
            <param index="4">
              <value>
                <![CDATA[india]]>
              </value>
            </param>
          </params>
          <reporter-output>
          </reporter-output>
        </test-method> <!-- testLogin -->
        <test-method status="PASS" signature="testLogin(java.lang.String, java.lang.String, java.lang.String, java.lang.String, java.lang.String)[pri:0, instance:testCases.HybridExecuteTest@76956344]" name="testLogin" duration-ms="679" started-at="2016-10-19T20:07:44Z" data-provider="hybridData" finished-at="2016-10-19T20:07:44Z">
          <params>
            <param index="0">
              <value>
                <![CDATA[]]>
              </value>
            </param>
            <param index="1">
              <value>
                <![CDATA[SETTEXT]]>
              </value>
            </param>
            <param index="2">
              <value>
                <![CDATA[cty]]>
              </value>
            </param>
            <param index="3">
              <value>
                <![CDATA[name]]>
              </value>
            </param>
            <param index="4">
              <value>
                <![CDATA[navi mumbai]]>
              </value>
            </param>
          </params>
          <reporter-output>
          </reporter-output>
        </test-method> <!-- testLogin -->
        <test-method status="PASS" signature="testLogin(java.lang.String, java.lang.String, java.lang.String, java.lang.String, java.lang.String)[pri:0, instance:testCases.HybridExecuteTest@76956344]" name="testLogin" duration-ms="281" started-at="2016-10-19T20:07:44Z" data-provider="hybridData" finished-at="2016-10-19T20:07:45Z">
          <params>
            <param index="0">
              <value>
                <![CDATA[]]>
              </value>
            </param>
            <param index="1">
              <value>
                <![CDATA[SETTEXT]]>
              </value>
            </param>
            <param index="2">
              <value>
                <![CDATA[sta]]>
              </value>
            </param>
            <param index="3">
              <value>
                <![CDATA[name]]>
              </value>
            </param>
            <param index="4">
              <value>
                <![CDATA[maharashtra]]>
              </value>
            </param>
          </params>
          <reporter-output>
          </reporter-output>
        </test-method> <!-- testLogin -->
        <test-method status="PASS" signature="testLogin(java.lang.String, java.lang.String, java.lang.String, java.lang.String, java.lang.String)[pri:0, instance:testCases.HybridExecuteTest@76956344]" name="testLogin" duration-ms="260" started-at="2016-10-19T20:07:45Z" data-provider="hybridData" finished-at="2016-10-19T20:07:45Z">
          <params>
            <param index="0">
              <value>
                <![CDATA[]]>
              </value>
            </param>
            <param index="1">
              <value>
                <![CDATA[SETTEXT]]>
              </value>
            </param>
            <param index="2">
              <value>
                <![CDATA[pin]]>
              </value>
            </param>
            <param index="3">
              <value>
                <![CDATA[name]]>
              </value>
            </param>
            <param index="4">
              <value>
                <![CDATA[400701.0]]>
              </value>
            </param>
          </params>
          <reporter-output>
          </reporter-output>
        </test-method> <!-- testLogin -->
        <test-method status="PASS" signature="testLogin(java.lang.String, java.lang.String, java.lang.String, java.lang.String, java.lang.String)[pri:0, instance:testCases.HybridExecuteTest@76956344]" name="testLogin" duration-ms="214" started-at="2016-10-19T20:07:45Z" data-provider="hybridData" finished-at="2016-10-19T20:07:45Z">
          <params>
            <param index="0">
              <value>
                <![CDATA[]]>
              </value>
            </param>
            <param index="1">
              <value>
                <![CDATA[SETTEXT]]>
              </value>
            </param>
            <param index="2">
              <value>
                <![CDATA[mob]]>
              </value>
            </param>
            <param index="3">
              <value>
                <![CDATA[name]]>
              </value>
            </param>
            <param index="4">
              <value>
                <![CDATA[988555.0]]>
              </value>
            </param>
          </params>
          <reporter-output>
          </reporter-output>
        </test-method> <!-- testLogin -->
        <test-method status="PASS" signature="testLogin(java.lang.String, java.lang.String, java.lang.String, java.lang.String, java.lang.String)[pri:0, instance:testCases.HybridExecuteTest@76956344]" name="testLogin" duration-ms="241" started-at="2016-10-19T20:07:45Z" data-provider="hybridData" finished-at="2016-10-19T20:07:45Z">
          <params>
            <param index="0">
              <value>
                <![CDATA[]]>
              </value>
            </param>
            <param index="1">
              <value>
                <![CDATA[SETTEXT]]>
              </value>
            </param>
            <param index="2">
              <value>
                <![CDATA[email]]>
              </value>
            </param>
            <param index="3">
              <value>
                <![CDATA[name]]>
              </value>
            </param>
            <param index="4">
              <value>
                <![CDATA[test1v234@gfddmail.com]]>
              </value>
            </param>
          </params>
          <reporter-output>
          </reporter-output>
        </test-method> <!-- testLogin -->
        <test-method status="PASS" signature="testLogin(java.lang.String, java.lang.String, java.lang.String, java.lang.String, java.lang.String)[pri:0, instance:testCases.HybridExecuteTest@76956344]" name="testLogin" duration-ms="178" started-at="2016-10-19T20:07:45Z" data-provider="hybridData" finished-at="2016-10-19T20:07:46Z">
          <params>
            <param index="0">
              <value>
                <![CDATA[]]>
              </value>
            </param>
            <param index="1">
              <value>
                <![CDATA[SETTEXT]]>
              </value>
            </param>
            <param index="2">
              <value>
                <![CDATA[pass]]>
              </value>
            </param>
            <param index="3">
              <value>
                <![CDATA[name]]>
              </value>
            </param>
            <param index="4">
              <value>
                <![CDATA[tester]]>
              </value>
            </param>
          </params>
          <reporter-output>
          </reporter-output>
        </test-method> <!-- testLogin -->
        <test-method status="PASS" signature="testLogin(java.lang.String, java.lang.String, java.lang.String, java.lang.String, java.lang.String)[pri:0, instance:testCases.HybridExecuteTest@76956344]" name="testLogin" duration-ms="1231" started-at="2016-10-19T20:07:46Z" data-provider="hybridData" finished-at="2016-10-19T20:07:47Z">
          <params>
            <param index="0">
              <value>
                <![CDATA[]]>
              </value>
            </param>
            <param index="1">
              <value>
                <![CDATA[CLICK]]>
              </value>
            </param>
            <param index="2">
              <value>
                <![CDATA[submit]]>
              </value>
            </param>
            <param index="3">
              <value>
                <![CDATA[name]]>
              </value>
            </param>
            <param index="4">
              <value>
                <![CDATA[sub]]>
              </value>
            </param>
          </params>
          <reporter-output>
          </reporter-output>
        </test-method> <!-- testLogin -->
        <test-method status="PASS" signature="testLogin(java.lang.String, java.lang.String, java.lang.String, java.lang.String, java.lang.String)[pri:0, instance:testCases.HybridExecuteTest@76956344]" name="testLogin" duration-ms="7697" started-at="2016-10-19T20:07:47Z" data-provider="hybridData" finished-at="2016-10-19T20:07:54Z">
          <params>
            <param index="0">
              <value>
                <![CDATA[New Customer]]>
              </value>
            </param>
            <param index="1">
              <value>
                <![CDATA[]]>
              </value>
            </param>
            <param index="2">
              <value>
                <![CDATA[]]>
              </value>
            </param>
            <param index="3">
              <value>
                <![CDATA[]]>
              </value>
            </param>
            <param index="4">
              <value>
                <![CDATA[]]>
              </value>
            </param>
          </params>
          <reporter-output>
          </reporter-output>
        </test-method> <!-- testLogin -->
        <test-method status="PASS" signature="testLogin(java.lang.String, java.lang.String, java.lang.String, java.lang.String, java.lang.String)[pri:0, instance:testCases.HybridExecuteTest@76956344]" name="testLogin" duration-ms="1796" started-at="2016-10-19T20:07:54Z" data-provider="hybridData" finished-at="2016-10-19T20:07:56Z">
          <params>
            <param index="0">
              <value>
                <![CDATA[]]>
              </value>
            </param>
            <param index="1">
              <value>
                <![CDATA[GOTOURL]]>
              </value>
            </param>
            <param index="2">
              <value>
                <![CDATA[]]>
              </value>
            </param>
            <param index="3">
              <value>
                <![CDATA[]]>
              </value>
            </param>
            <param index="4">
              <value>
                <![CDATA[url]]>
              </value>
            </param>
          </params>
          <reporter-output>
          </reporter-output>
        </test-method> <!-- testLogin -->
        <test-method status="PASS" signature="testLogin(java.lang.String, java.lang.String, java.lang.String, java.lang.String, java.lang.String)[pri:0, instance:testCases.HybridExecuteTest@76956344]" name="testLogin" duration-ms="302" started-at="2016-10-19T20:07:56Z" data-provider="hybridData" finished-at="2016-10-19T20:07:57Z">
          <params>
            <param index="0">
              <value>
                <![CDATA[]]>
              </value>
            </param>
            <param index="1">
              <value>
                <![CDATA[SETTEXT]]>
              </value>
            </param>
            <param index="2">
              <value>
                <![CDATA[username]]>
              </value>
            </param>
            <param index="3">
              <value>
                <![CDATA[name]]>
              </value>
            </param>
            <param index="4">
              <value>
                <![CDATA[mngr51234]]>
              </value>
            </param>
          </params>
          <reporter-output>
          </reporter-output>
        </test-method> <!-- testLogin -->
        <test-method status="PASS" signature="testLogin(java.lang.String, java.lang.String, java.lang.String, java.lang.String, java.lang.String)[pri:0, instance:testCases.HybridExecuteTest@76956344]" name="testLogin" duration-ms="208" started-at="2016-10-19T20:07:57Z" data-provider="hybridData" finished-at="2016-10-19T20:07:57Z">
          <params>
            <param index="0">
              <value>
                <![CDATA[]]>
              </value>
            </param>
            <param index="1">
              <value>
                <![CDATA[SETTEXT]]>
              </value>
            </param>
            <param index="2">
              <value>
                <![CDATA[password]]>
              </value>
            </param>
            <param index="3">
              <value>
                <![CDATA[name]]>
              </value>
            </param>
            <param index="4">
              <value>
                <![CDATA[zybymEn]]>
              </value>
            </param>
          </params>
          <reporter-output>
          </reporter-output>
        </test-method> <!-- testLogin -->
        <test-method status="PASS" signature="testLogin(java.lang.String, java.lang.String, java.lang.String, java.lang.String, java.lang.String)[pri:0, instance:testCases.HybridExecuteTest@76956344]" name="testLogin" duration-ms="518" started-at="2016-10-19T20:07:57Z" data-provider="hybridData" finished-at="2016-10-19T20:07:57Z">
          <params>
            <param index="0">
              <value>
                <![CDATA[]]>
              </value>
            </param>
            <param index="1">
              <value>
                <![CDATA[CLICK]]>
              </value>
            </param>
            <param index="2">
              <value>
                <![CDATA[loginButton]]>
              </value>
            </param>
            <param index="3">
              <value>
                <![CDATA[name]]>
              </value>
            </param>
            <param index="4">
              <value>
                <![CDATA[]]>
              </value>
            </param>
          </params>
          <reporter-output>
          </reporter-output>
        </test-method> <!-- testLogin -->
        <test-method status="PASS" signature="testLogin(java.lang.String, java.lang.String, java.lang.String, java.lang.String, java.lang.String)[pri:0, instance:testCases.HybridExecuteTest@76956344]" name="testLogin" duration-ms="1104" started-at="2016-10-19T20:07:57Z" data-provider="hybridData" finished-at="2016-10-19T20:07:58Z">
          <params>
            <param index="0">
              <value>
                <![CDATA[]]>
              </value>
            </param>
            <param index="1">
              <value>
                <![CDATA[CLICK]]>
              </value>
            </param>
            <param index="2">
              <value>
                <![CDATA[path]]>
              </value>
            </param>
            <param index="3">
              <value>
                <![CDATA[xpath]]>
              </value>
            </param>
            <param index="4">
              <value>
                <![CDATA[]]>
              </value>
            </param>
          </params>
          <reporter-output>
          </reporter-output>
        </test-method> <!-- testLogin -->
        <test-method status="PASS" signature="testLogin(java.lang.String, java.lang.String, java.lang.String, java.lang.String, java.lang.String)[pri:0, instance:testCases.HybridExecuteTest@76956344]" name="testLogin" duration-ms="702" started-at="2016-10-19T20:07:58Z" data-provider="hybridData" finished-at="2016-10-19T20:07:59Z">
          <params>
            <param index="0">
              <value>
                <![CDATA[]]>
              </value>
            </param>
            <param index="1">
              <value>
                <![CDATA[SETTEXT]]>
              </value>
            </param>
            <param index="2">
              <value>
                <![CDATA[cname]]>
              </value>
            </param>
            <param index="3">
              <value>
                <![CDATA[name]]>
              </value>
            </param>
            <param index="4">
              <value>
                <![CDATA[vincentn]]>
              </value>
            </param>
          </params>
          <reporter-output>
          </reporter-output>
        </test-method> <!-- testLogin -->
        <test-method status="PASS" signature="testLogin(java.lang.String, java.lang.String, java.lang.String, java.lang.String, java.lang.String)[pri:0, instance:testCases.HybridExecuteTest@76956344]" name="testLogin" duration-ms="229" started-at="2016-10-19T20:07:59Z" data-provider="hybridData" finished-at="2016-10-19T20:07:59Z">
          <params>
            <param index="0">
              <value>
                <![CDATA[]]>
              </value>
            </param>
            <param index="1">
              <value>
                <![CDATA[CLICK]]>
              </value>
            </param>
            <param index="2">
              <value>
                <![CDATA[gender]]>
              </value>
            </param>
            <param index="3">
              <value>
                <![CDATA[name]]>
              </value>
            </param>
            <param index="4">
              <value>
                <![CDATA[]]>
              </value>
            </param>
          </params>
          <reporter-output>
          </reporter-output>
        </test-method> <!-- testLogin -->
        <test-method status="PASS" signature="testLogin(java.lang.String, java.lang.String, java.lang.String, java.lang.String, java.lang.String)[pri:0, instance:testCases.HybridExecuteTest@76956344]" name="testLogin" duration-ms="213" started-at="2016-10-19T20:07:59Z" data-provider="hybridData" finished-at="2016-10-19T20:08:00Z">
          <params>
            <param index="0">
              <value>
                <![CDATA[]]>
              </value>
            </param>
            <param index="1">
              <value>
                <![CDATA[SETTEXT]]>
              </value>
            </param>
            <param index="2">
              <value>
                <![CDATA[dbirth]]>
              </value>
            </param>
            <param index="3">
              <value>
                <![CDATA[name]]>
              </value>
            </param>
            <param index="4">
              <value>
                <![CDATA[19/08/1984]]>
              </value>
            </param>
          </params>
          <reporter-output>
          </reporter-output>
        </test-method> <!-- testLogin -->
        <test-method status="PASS" signature="testLogin(java.lang.String, java.lang.String, java.lang.String, java.lang.String, java.lang.String)[pri:0, instance:testCases.HybridExecuteTest@76956344]" name="testLogin" duration-ms="160" started-at="2016-10-19T20:08:00Z" data-provider="hybridData" finished-at="2016-10-19T20:08:00Z">
          <params>
            <param index="0">
              <value>
                <![CDATA[]]>
              </value>
            </param>
            <param index="1">
              <value>
                <![CDATA[SETTEXT]]>
              </value>
            </param>
            <param index="2">
              <value>
                <![CDATA[add]]>
              </value>
            </param>
            <param index="3">
              <value>
                <![CDATA[name]]>
              </value>
            </param>
            <param index="4">
              <value>
                <![CDATA[india]]>
              </value>
            </param>
          </params>
          <reporter-output>
          </reporter-output>
        </test-method> <!-- testLogin -->
        <test-method status="PASS" signature="testLogin(java.lang.String, java.lang.String, java.lang.String, java.lang.String, java.lang.String)[pri:0, instance:testCases.HybridExecuteTest@76956344]" name="testLogin" duration-ms="414" started-at="2016-10-19T20:08:00Z" data-provider="hybridData" finished-at="2016-10-19T20:08:00Z">
          <params>
            <param index="0">
              <value>
                <![CDATA[]]>
              </value>
            </param>
            <param index="1">
              <value>
                <![CDATA[SETTEXT]]>
              </value>
            </param>
            <param index="2">
              <value>
                <![CDATA[cty]]>
              </value>
            </param>
            <param index="3">
              <value>
                <![CDATA[name]]>
              </value>
            </param>
            <param index="4">
              <value>
                <![CDATA[navi mumbai]]>
              </value>
            </param>
          </params>
          <reporter-output>
          </reporter-output>
        </test-method> <!-- testLogin -->
        <test-method status="PASS" signature="testLogin(java.lang.String, java.lang.String, java.lang.String, java.lang.String, java.lang.String)[pri:0, instance:testCases.HybridExecuteTest@76956344]" name="testLogin" duration-ms="223" started-at="2016-10-19T20:08:00Z" data-provider="hybridData" finished-at="2016-10-19T20:08:00Z">
          <params>
            <param index="0">
              <value>
                <![CDATA[]]>
              </value>
            </param>
            <param index="1">
              <value>
                <![CDATA[SETTEXT]]>
              </value>
            </param>
            <param index="2">
              <value>
                <![CDATA[sta]]>
              </value>
            </param>
            <param index="3">
              <value>
                <![CDATA[name]]>
              </value>
            </param>
            <param index="4">
              <value>
                <![CDATA[maharashtra]]>
              </value>
            </param>
          </params>
          <reporter-output>
          </reporter-output>
        </test-method> <!-- testLogin -->
        <test-method status="PASS" signature="testLogin(java.lang.String, java.lang.String, java.lang.String, java.lang.String, java.lang.String)[pri:0, instance:testCases.HybridExecuteTest@76956344]" name="testLogin" duration-ms="279" started-at="2016-10-19T20:08:00Z" data-provider="hybridData" finished-at="2016-10-19T20:08:01Z">
          <params>
            <param index="0">
              <value>
                <![CDATA[]]>
              </value>
            </param>
            <param index="1">
              <value>
                <![CDATA[SETTEXT]]>
              </value>
            </param>
            <param index="2">
              <value>
                <![CDATA[pin]]>
              </value>
            </param>
            <param index="3">
              <value>
                <![CDATA[name]]>
              </value>
            </param>
            <param index="4">
              <value>
                <![CDATA[400701.0]]>
              </value>
            </param>
          </params>
          <reporter-output>
          </reporter-output>
        </test-method> <!-- testLogin -->
        <test-method status="PASS" signature="testLogin(java.lang.String, java.lang.String, java.lang.String, java.lang.String, java.lang.String)[pri:0, instance:testCases.HybridExecuteTest@76956344]" name="testLogin" duration-ms="221" started-at="2016-10-19T20:08:01Z" data-provider="hybridData" finished-at="2016-10-19T20:08:01Z">
          <params>
            <param index="0">
              <value>
                <![CDATA[]]>
              </value>
            </param>
            <param index="1">
              <value>
                <![CDATA[SETTEXT]]>
              </value>
            </param>
            <param index="2">
              <value>
                <![CDATA[mob]]>
              </value>
            </param>
            <param index="3">
              <value>
                <![CDATA[name]]>
              </value>
            </param>
            <param index="4">
              <value>
                <![CDATA[988555.0]]>
              </value>
            </param>
          </params>
          <reporter-output>
          </reporter-output>
        </test-method> <!-- testLogin -->
        <test-method status="PASS" signature="testLogin(java.lang.String, java.lang.String, java.lang.String, java.lang.String, java.lang.String)[pri:0, instance:testCases.HybridExecuteTest@76956344]" name="testLogin" duration-ms="251" started-at="2016-10-19T20:08:01Z" data-provider="hybridData" finished-at="2016-10-19T20:08:01Z">
          <params>
            <param index="0">
              <value>
                <![CDATA[]]>
              </value>
            </param>
            <param index="1">
              <value>
                <![CDATA[SETTEXT]]>
              </value>
            </param>
            <param index="2">
              <value>
                <![CDATA[email]]>
              </value>
            </param>
            <param index="3">
              <value>
                <![CDATA[name]]>
              </value>
            </param>
            <param index="4">
              <value>
                <![CDATA[test1n235@gfddmail.com]]>
              </value>
            </param>
          </params>
          <reporter-output>
          </reporter-output>
        </test-method> <!-- testLogin -->
        <test-method status="PASS" signature="testLogin(java.lang.String, java.lang.String, java.lang.String, java.lang.String, java.lang.String)[pri:0, instance:testCases.HybridExecuteTest@76956344]" name="testLogin" duration-ms="180" started-at="2016-10-19T20:08:01Z" data-provider="hybridData" finished-at="2016-10-19T20:08:01Z">
          <params>
            <param index="0">
              <value>
                <![CDATA[]]>
              </value>
            </param>
            <param index="1">
              <value>
                <![CDATA[SETTEXT]]>
              </value>
            </param>
            <param index="2">
              <value>
                <![CDATA[pass]]>
              </value>
            </param>
            <param index="3">
              <value>
                <![CDATA[name]]>
              </value>
            </param>
            <param index="4">
              <value>
                <![CDATA[tester]]>
              </value>
            </param>
          </params>
          <reporter-output>
          </reporter-output>
        </test-method> <!-- testLogin -->
        <test-method status="PASS" signature="testLogin(java.lang.String, java.lang.String, java.lang.String, java.lang.String, java.lang.String)[pri:0, instance:testCases.HybridExecuteTest@76956344]" name="testLogin" duration-ms="1280" started-at="2016-10-19T20:08:01Z" data-provider="hybridData" finished-at="2016-10-19T20:08:03Z">
          <params>
            <param index="0">
              <value>
                <![CDATA[]]>
              </value>
            </param>
            <param index="1">
              <value>
                <![CDATA[CLICK]]>
              </value>
            </param>
            <param index="2">
              <value>
                <![CDATA[submit]]>
              </value>
            </param>
            <param index="3">
              <value>
                <![CDATA[name]]>
              </value>
            </param>
            <param index="4">
              <value>
                <![CDATA[sub]]>
              </value>
            </param>
          </params>
          <reporter-output>
          </reporter-output>
        </test-method> <!-- testLogin -->
        <test-method status="PASS" signature="testLogin(java.lang.String, java.lang.String, java.lang.String, java.lang.String, java.lang.String)[pri:0, instance:testCases.HybridExecuteTest@76956344]" name="testLogin" duration-ms="6927" started-at="2016-10-19T20:08:03Z" data-provider="hybridData" finished-at="2016-10-19T20:08:10Z">
          <params>
            <param index="0">
              <value>
                <![CDATA[New Customer]]>
              </value>
            </param>
            <param index="1">
              <value>
                <![CDATA[]]>
              </value>
            </param>
            <param index="2">
              <value>
                <![CDATA[]]>
              </value>
            </param>
            <param index="3">
              <value>
                <![CDATA[]]>
              </value>
            </param>
            <param index="4">
              <value>
                <![CDATA[]]>
              </value>
            </param>
          </params>
          <reporter-output>
          </reporter-output>
        </test-method> <!-- testLogin -->
        <test-method status="PASS" signature="testLogin(java.lang.String, java.lang.String, java.lang.String, java.lang.String, java.lang.String)[pri:0, instance:testCases.HybridExecuteTest@76956344]" name="testLogin" duration-ms="1591" started-at="2016-10-19T20:08:10Z" data-provider="hybridData" finished-at="2016-10-19T20:08:11Z">
          <params>
            <param index="0">
              <value>
                <![CDATA[]]>
              </value>
            </param>
            <param index="1">
              <value>
                <![CDATA[GOTOURL]]>
              </value>
            </param>
            <param index="2">
              <value>
                <![CDATA[]]>
              </value>
            </param>
            <param index="3">
              <value>
                <![CDATA[]]>
              </value>
            </param>
            <param index="4">
              <value>
                <![CDATA[url]]>
              </value>
            </param>
          </params>
          <reporter-output>
          </reporter-output>
        </test-method> <!-- testLogin -->
        <test-method status="PASS" signature="testLogin(java.lang.String, java.lang.String, java.lang.String, java.lang.String, java.lang.String)[pri:0, instance:testCases.HybridExecuteTest@76956344]" name="testLogin" duration-ms="333" started-at="2016-10-19T20:08:11Z" data-provider="hybridData" finished-at="2016-10-19T20:08:12Z">
          <params>
            <param index="0">
              <value>
                <![CDATA[]]>
              </value>
            </param>
            <param index="1">
              <value>
                <![CDATA[SETTEXT]]>
              </value>
            </param>
            <param index="2">
              <value>
                <![CDATA[username]]>
              </value>
            </param>
            <param index="3">
              <value>
                <![CDATA[name]]>
              </value>
            </param>
            <param index="4">
              <value>
                <![CDATA[mngr51234]]>
              </value>
            </param>
          </params>
          <reporter-output>
          </reporter-output>
        </test-method> <!-- testLogin -->
        <test-method status="PASS" signature="testLogin(java.lang.String, java.lang.String, java.lang.String, java.lang.String, java.lang.String)[pri:0, instance:testCases.HybridExecuteTest@76956344]" name="testLogin" duration-ms="284" started-at="2016-10-19T20:08:12Z" data-provider="hybridData" finished-at="2016-10-19T20:08:12Z">
          <params>
            <param index="0">
              <value>
                <![CDATA[]]>
              </value>
            </param>
            <param index="1">
              <value>
                <![CDATA[SETTEXT]]>
              </value>
            </param>
            <param index="2">
              <value>
                <![CDATA[password]]>
              </value>
            </param>
            <param index="3">
              <value>
                <![CDATA[name]]>
              </value>
            </param>
            <param index="4">
              <value>
                <![CDATA[zybymEn]]>
              </value>
            </param>
          </params>
          <reporter-output>
          </reporter-output>
        </test-method> <!-- testLogin -->
        <test-method status="PASS" signature="testLogin(java.lang.String, java.lang.String, java.lang.String, java.lang.String, java.lang.String)[pri:0, instance:testCases.HybridExecuteTest@76956344]" name="testLogin" duration-ms="655" started-at="2016-10-19T20:08:12Z" data-provider="hybridData" finished-at="2016-10-19T20:08:12Z">
          <params>
            <param index="0">
              <value>
                <![CDATA[]]>
              </value>
            </param>
            <param index="1">
              <value>
                <![CDATA[CLICK]]>
              </value>
            </param>
            <param index="2">
              <value>
                <![CDATA[loginButton]]>
              </value>
            </param>
            <param index="3">
              <value>
                <![CDATA[name]]>
              </value>
            </param>
            <param index="4">
              <value>
                <![CDATA[]]>
              </value>
            </param>
          </params>
          <reporter-output>
          </reporter-output>
        </test-method> <!-- testLogin -->
        <test-method status="PASS" signature="testLogin(java.lang.String, java.lang.String, java.lang.String, java.lang.String, java.lang.String)[pri:0, instance:testCases.HybridExecuteTest@76956344]" name="testLogin" duration-ms="1149" started-at="2016-10-19T20:08:12Z" data-provider="hybridData" finished-at="2016-10-19T20:08:14Z">
          <params>
            <param index="0">
              <value>
                <![CDATA[]]>
              </value>
            </param>
            <param index="1">
              <value>
                <![CDATA[CLICK]]>
              </value>
            </param>
            <param index="2">
              <value>
                <![CDATA[path]]>
              </value>
            </param>
            <param index="3">
              <value>
                <![CDATA[xpath]]>
              </value>
            </param>
            <param index="4">
              <value>
                <![CDATA[]]>
              </value>
            </param>
          </params>
          <reporter-output>
          </reporter-output>
        </test-method> <!-- testLogin -->
        <test-method status="PASS" signature="testLogin(java.lang.String, java.lang.String, java.lang.String, java.lang.String, java.lang.String)[pri:0, instance:testCases.HybridExecuteTest@76956344]" name="testLogin" duration-ms="634" started-at="2016-10-19T20:08:14Z" data-provider="hybridData" finished-at="2016-10-19T20:08:14Z">
          <params>
            <param index="0">
              <value>
                <![CDATA[]]>
              </value>
            </param>
            <param index="1">
              <value>
                <![CDATA[SETTEXT]]>
              </value>
            </param>
            <param index="2">
              <value>
                <![CDATA[cname]]>
              </value>
            </param>
            <param index="3">
              <value>
                <![CDATA[name]]>
              </value>
            </param>
            <param index="4">
              <value>
                <![CDATA[vincentn]]>
              </value>
            </param>
          </params>
          <reporter-output>
          </reporter-output>
        </test-method> <!-- testLogin -->
        <test-method status="PASS" signature="testLogin(java.lang.String, java.lang.String, java.lang.String, java.lang.String, java.lang.String)[pri:0, instance:testCases.HybridExecuteTest@76956344]" name="testLogin" duration-ms="274" started-at="2016-10-19T20:08:14Z" data-provider="hybridData" finished-at="2016-10-19T20:08:15Z">
          <params>
            <param index="0">
              <value>
                <![CDATA[]]>
              </value>
            </param>
            <param index="1">
              <value>
                <![CDATA[CLICK]]>
              </value>
            </param>
            <param index="2">
              <value>
                <![CDATA[gender]]>
              </value>
            </param>
            <param index="3">
              <value>
                <![CDATA[name]]>
              </value>
            </param>
            <param index="4">
              <value>
                <![CDATA[]]>
              </value>
            </param>
          </params>
          <reporter-output>
          </reporter-output>
        </test-method> <!-- testLogin -->
        <test-method status="PASS" signature="testLogin(java.lang.String, java.lang.String, java.lang.String, java.lang.String, java.lang.String)[pri:0, instance:testCases.HybridExecuteTest@76956344]" name="testLogin" duration-ms="225" started-at="2016-10-19T20:08:15Z" data-provider="hybridData" finished-at="2016-10-19T20:08:15Z">
          <params>
            <param index="0">
              <value>
                <![CDATA[]]>
              </value>
            </param>
            <param index="1">
              <value>
                <![CDATA[SETTEXT]]>
              </value>
            </param>
            <param index="2">
              <value>
                <![CDATA[dbirth]]>
              </value>
            </param>
            <param index="3">
              <value>
                <![CDATA[name]]>
              </value>
            </param>
            <param index="4">
              <value>
                <![CDATA[19/08/1984]]>
              </value>
            </param>
          </params>
          <reporter-output>
          </reporter-output>
        </test-method> <!-- testLogin -->
        <test-method status="PASS" signature="testLogin(java.lang.String, java.lang.String, java.lang.String, java.lang.String, java.lang.String)[pri:0, instance:testCases.HybridExecuteTest@76956344]" name="testLogin" duration-ms="151" started-at="2016-10-19T20:08:15Z" data-provider="hybridData" finished-at="2016-10-19T20:08:15Z">
          <params>
            <param index="0">
              <value>
                <![CDATA[]]>
              </value>
            </param>
            <param index="1">
              <value>
                <![CDATA[SETTEXT]]>
              </value>
            </param>
            <param index="2">
              <value>
                <![CDATA[add]]>
              </value>
            </param>
            <param index="3">
              <value>
                <![CDATA[name]]>
              </value>
            </param>
            <param index="4">
              <value>
                <![CDATA[india]]>
              </value>
            </param>
          </params>
          <reporter-output>
          </reporter-output>
        </test-method> <!-- testLogin -->
        <test-method status="PASS" signature="testLogin(java.lang.String, java.lang.String, java.lang.String, java.lang.String, java.lang.String)[pri:0, instance:testCases.HybridExecuteTest@76956344]" name="testLogin" duration-ms="319" started-at="2016-10-19T20:08:15Z" data-provider="hybridData" finished-at="2016-10-19T20:08:15Z">
          <params>
            <param index="0">
              <value>
                <![CDATA[]]>
              </value>
            </param>
            <param index="1">
              <value>
                <![CDATA[SETTEXT]]>
              </value>
            </param>
            <param index="2">
              <value>
                <![CDATA[cty]]>
              </value>
            </param>
            <param index="3">
              <value>
                <![CDATA[name]]>
              </value>
            </param>
            <param index="4">
              <value>
                <![CDATA[navi mumbai]]>
              </value>
            </param>
          </params>
          <reporter-output>
          </reporter-output>
        </test-method> <!-- testLogin -->
        <test-method status="PASS" signature="testLogin(java.lang.String, java.lang.String, java.lang.String, java.lang.String, java.lang.String)[pri:0, instance:testCases.HybridExecuteTest@76956344]" name="testLogin" duration-ms="223" started-at="2016-10-19T20:08:15Z" data-provider="hybridData" finished-at="2016-10-19T20:08:15Z">
          <params>
            <param index="0">
              <value>
                <![CDATA[]]>
              </value>
            </param>
            <param index="1">
              <value>
                <![CDATA[SETTEXT]]>
              </value>
            </param>
            <param index="2">
              <value>
                <![CDATA[sta]]>
              </value>
            </param>
            <param index="3">
              <value>
                <![CDATA[name]]>
              </value>
            </param>
            <param index="4">
              <value>
                <![CDATA[maharashtra]]>
              </value>
            </param>
          </params>
          <reporter-output>
          </reporter-output>
        </test-method> <!-- testLogin -->
        <test-method status="PASS" signature="testLogin(java.lang.String, java.lang.String, java.lang.String, java.lang.String, java.lang.String)[pri:0, instance:testCases.HybridExecuteTest@76956344]" name="testLogin" duration-ms="270" started-at="2016-10-19T20:08:15Z" data-provider="hybridData" finished-at="2016-10-19T20:08:16Z">
          <params>
            <param index="0">
              <value>
                <![CDATA[]]>
              </value>
            </param>
            <param index="1">
              <value>
                <![CDATA[SETTEXT]]>
              </value>
            </param>
            <param index="2">
              <value>
                <![CDATA[pin]]>
              </value>
            </param>
            <param index="3">
              <value>
                <![CDATA[name]]>
              </value>
            </param>
            <param index="4">
              <value>
                <![CDATA[400701.0]]>
              </value>
            </param>
          </params>
          <reporter-output>
          </reporter-output>
        </test-method> <!-- testLogin -->
        <test-method status="PASS" signature="testLogin(java.lang.String, java.lang.String, java.lang.String, java.lang.String, java.lang.String)[pri:0, instance:testCases.HybridExecuteTest@76956344]" name="testLogin" duration-ms="194" started-at="2016-10-19T20:08:16Z" data-provider="hybridData" finished-at="2016-10-19T20:08:16Z">
          <params>
            <param index="0">
              <value>
                <![CDATA[]]>
              </value>
            </param>
            <param index="1">
              <value>
                <![CDATA[SETTEXT]]>
              </value>
            </param>
            <param index="2">
              <value>
                <![CDATA[mob]]>
              </value>
            </param>
            <param index="3">
              <value>
                <![CDATA[name]]>
              </value>
            </param>
            <param index="4">
              <value>
                <![CDATA[988555.0]]>
              </value>
            </param>
          </params>
          <reporter-output>
          </reporter-output>
        </test-method> <!-- testLogin -->
        <test-method status="PASS" signature="testLogin(java.lang.String, java.lang.String, java.lang.String, java.lang.String, java.lang.String)[pri:0, instance:testCases.HybridExecuteTest@76956344]" name="testLogin" duration-ms="290" started-at="2016-10-19T20:08:16Z" data-provider="hybridData" finished-at="2016-10-19T20:08:16Z">
          <params>
            <param index="0">
              <value>
                <![CDATA[]]>
              </value>
            </param>
            <param index="1">
              <value>
                <![CDATA[SETTEXT]]>
              </value>
            </param>
            <param index="2">
              <value>
                <![CDATA[email]]>
              </value>
            </param>
            <param index="3">
              <value>
                <![CDATA[name]]>
              </value>
            </param>
            <param index="4">
              <value>
                <![CDATA[test12l36@gfddmail.com]]>
              </value>
            </param>
          </params>
          <reporter-output>
          </reporter-output>
        </test-method> <!-- testLogin -->
        <test-method status="PASS" signature="testLogin(java.lang.String, java.lang.String, java.lang.String, java.lang.String, java.lang.String)[pri:0, instance:testCases.HybridExecuteTest@76956344]" name="testLogin" duration-ms="180" started-at="2016-10-19T20:08:16Z" data-provider="hybridData" finished-at="2016-10-19T20:08:16Z">
          <params>
            <param index="0">
              <value>
                <![CDATA[]]>
              </value>
            </param>
            <param index="1">
              <value>
                <![CDATA[SETTEXT]]>
              </value>
            </param>
            <param index="2">
              <value>
                <![CDATA[pass]]>
              </value>
            </param>
            <param index="3">
              <value>
                <![CDATA[name]]>
              </value>
            </param>
            <param index="4">
              <value>
                <![CDATA[tester]]>
              </value>
            </param>
          </params>
          <reporter-output>
          </reporter-output>
        </test-method> <!-- testLogin -->
        <test-method status="PASS" signature="testLogin(java.lang.String, java.lang.String, java.lang.String, java.lang.String, java.lang.String)[pri:0, instance:testCases.HybridExecuteTest@76956344]" name="testLogin" duration-ms="1421" started-at="2016-10-19T20:08:16Z" data-provider="hybridData" finished-at="2016-10-19T20:08:18Z">
          <params>
            <param index="0">
              <value>
                <![CDATA[]]>
              </value>
            </param>
            <param index="1">
              <value>
                <![CDATA[CLICK]]>
              </value>
            </param>
            <param index="2">
              <value>
                <![CDATA[submit]]>
              </value>
            </param>
            <param index="3">
              <value>
                <![CDATA[name]]>
              </value>
            </param>
            <param index="4">
              <value>
                <![CDATA[sub]]>
              </value>
            </param>
          </params>
          <reporter-output>
          </reporter-output>
        </test-method> <!-- testLogin -->
        <test-method status="PASS" signature="testLogin(java.lang.String, java.lang.String, java.lang.String, java.lang.String, java.lang.String)[pri:0, instance:testCases.HybridExecuteTest@76956344]" name="testLogin" duration-ms="7457" started-at="2016-10-19T20:08:18Z" data-provider="hybridData" finished-at="2016-10-19T20:08:25Z">
          <params>
            <param index="0">
              <value>
                <![CDATA[New Customer]]>
              </value>
            </param>
            <param index="1">
              <value>
                <![CDATA[]]>
              </value>
            </param>
            <param index="2">
              <value>
                <![CDATA[]]>
              </value>
            </param>
            <param index="3">
              <value>
                <![CDATA[]]>
              </value>
            </param>
            <param index="4">
              <value>
                <![CDATA[]]>
              </value>
            </param>
          </params>
          <reporter-output>
          </reporter-output>
        </test-method> <!-- testLogin -->
        <test-method status="PASS" signature="testLogin(java.lang.String, java.lang.String, java.lang.String, java.lang.String, java.lang.String)[pri:0, instance:testCases.HybridExecuteTest@76956344]" name="testLogin" duration-ms="20926" started-at="2016-10-19T20:08:25Z" data-provider="hybridData" finished-at="2016-10-19T20:08:46Z">
          <params>
            <param index="0">
              <value>
                <![CDATA[]]>
              </value>
            </param>
            <param index="1">
              <value>
                <![CDATA[GOTOURL]]>
              </value>
            </param>
            <param index="2">
              <value>
                <![CDATA[]]>
              </value>
            </param>
            <param index="3">
              <value>
                <![CDATA[]]>
              </value>
            </param>
            <param index="4">
              <value>
                <![CDATA[url]]>
              </value>
            </param>
          </params>
          <reporter-output>
          </reporter-output>
        </test-method> <!-- testLogin -->
        <test-method status="PASS" signature="testLogin(java.lang.String, java.lang.String, java.lang.String, java.lang.String, java.lang.String)[pri:0, instance:testCases.HybridExecuteTest@76956344]" name="testLogin" duration-ms="303" started-at="2016-10-19T20:08:46Z" data-provider="hybridData" finished-at="2016-10-19T20:08:47Z">
          <params>
            <param index="0">
              <value>
                <![CDATA[]]>
              </value>
            </param>
            <param index="1">
              <value>
                <![CDATA[SETTEXT]]>
              </value>
            </param>
            <param index="2">
              <value>
                <![CDATA[username]]>
              </value>
            </param>
            <param index="3">
              <value>
                <![CDATA[name]]>
              </value>
            </param>
            <param index="4">
              <value>
                <![CDATA[mngr51234]]>
              </value>
            </param>
          </params>
          <reporter-output>
          </reporter-output>
        </test-method> <!-- testLogin -->
        <test-method status="PASS" signature="testLogin(java.lang.String, java.lang.String, java.lang.String, java.lang.String, java.lang.String)[pri:0, instance:testCases.HybridExecuteTest@76956344]" name="testLogin" duration-ms="232" started-at="2016-10-19T20:08:47Z" data-provider="hybridData" finished-at="2016-10-19T20:08:47Z">
          <params>
            <param index="0">
              <value>
                <![CDATA[]]>
              </value>
            </param>
            <param index="1">
              <value>
                <![CDATA[SETTEXT]]>
              </value>
            </param>
            <param index="2">
              <value>
                <![CDATA[password]]>
              </value>
            </param>
            <param index="3">
              <value>
                <![CDATA[name]]>
              </value>
            </param>
            <param index="4">
              <value>
                <![CDATA[zybymEn]]>
              </value>
            </param>
          </params>
          <reporter-output>
          </reporter-output>
        </test-method> <!-- testLogin -->
        <test-method status="PASS" signature="testLogin(java.lang.String, java.lang.String, java.lang.String, java.lang.String, java.lang.String)[pri:0, instance:testCases.HybridExecuteTest@76956344]" name="testLogin" duration-ms="573" started-at="2016-10-19T20:08:47Z" data-provider="hybridData" finished-at="2016-10-19T20:08:47Z">
          <params>
            <param index="0">
              <value>
                <![CDATA[]]>
              </value>
            </param>
            <param index="1">
              <value>
                <![CDATA[CLICK]]>
              </value>
            </param>
            <param index="2">
              <value>
                <![CDATA[loginButton]]>
              </value>
            </param>
            <param index="3">
              <value>
                <![CDATA[name]]>
              </value>
            </param>
            <param index="4">
              <value>
                <![CDATA[]]>
              </value>
            </param>
          </params>
          <reporter-output>
          </reporter-output>
        </test-method> <!-- testLogin -->
        <test-method status="PASS" signature="testLogin(java.lang.String, java.lang.String, java.lang.String, java.lang.String, java.lang.String)[pri:0, instance:testCases.HybridExecuteTest@76956344]" name="testLogin" duration-ms="783" started-at="2016-10-19T20:08:47Z" data-provider="hybridData" finished-at="2016-10-19T20:08:48Z">
          <params>
            <param index="0">
              <value>
                <![CDATA[]]>
              </value>
            </param>
            <param index="1">
              <value>
                <![CDATA[CLICK]]>
              </value>
            </param>
            <param index="2">
              <value>
                <![CDATA[path]]>
              </value>
            </param>
            <param index="3">
              <value>
                <![CDATA[xpath]]>
              </value>
            </param>
            <param index="4">
              <value>
                <![CDATA[]]>
              </value>
            </param>
          </params>
          <reporter-output>
          </reporter-output>
        </test-method> <!-- testLogin -->
        <test-method status="PASS" signature="testLogin(java.lang.String, java.lang.String, java.lang.String, java.lang.String, java.lang.String)[pri:0, instance:testCases.HybridExecuteTest@76956344]" name="testLogin" duration-ms="579" started-at="2016-10-19T20:08:48Z" data-provider="hybridData" finished-at="2016-10-19T20:08:49Z">
          <params>
            <param index="0">
              <value>
                <![CDATA[]]>
              </value>
            </param>
            <param index="1">
              <value>
                <![CDATA[SETTEXT]]>
              </value>
            </param>
            <param index="2">
              <value>
                <![CDATA[cname]]>
              </value>
            </param>
            <param index="3">
              <value>
                <![CDATA[name]]>
              </value>
            </param>
            <param index="4">
              <value>
                <![CDATA[vincentn]]>
              </value>
            </param>
          </params>
          <reporter-output>
          </reporter-output>
        </test-method> <!-- testLogin -->
        <test-method status="PASS" signature="testLogin(java.lang.String, java.lang.String, java.lang.String, java.lang.String, java.lang.String)[pri:0, instance:testCases.HybridExecuteTest@76956344]" name="testLogin" duration-ms="267" started-at="2016-10-19T20:08:49Z" data-provider="hybridData" finished-at="2016-10-19T20:08:49Z">
          <params>
            <param index="0">
              <value>
                <![CDATA[]]>
              </value>
            </param>
            <param index="1">
              <value>
                <![CDATA[CLICK]]>
              </value>
            </param>
            <param index="2">
              <value>
                <![CDATA[gender]]>
              </value>
            </param>
            <param index="3">
              <value>
                <![CDATA[name]]>
              </value>
            </param>
            <param index="4">
              <value>
                <![CDATA[]]>
              </value>
            </param>
          </params>
          <reporter-output>
          </reporter-output>
        </test-method> <!-- testLogin -->
        <test-method status="PASS" signature="testLogin(java.lang.String, java.lang.String, java.lang.String, java.lang.String, java.lang.String)[pri:0, instance:testCases.HybridExecuteTest@76956344]" name="testLogin" duration-ms="316" started-at="2016-10-19T20:08:49Z" data-provider="hybridData" finished-at="2016-10-19T20:08:49Z">
          <params>
            <param index="0">
              <value>
                <![CDATA[]]>
              </value>
            </param>
            <param index="1">
              <value>
                <![CDATA[SETTEXT]]>
              </value>
            </param>
            <param index="2">
              <value>
                <![CDATA[dbirth]]>
              </value>
            </param>
            <param index="3">
              <value>
                <![CDATA[name]]>
              </value>
            </param>
            <param index="4">
              <value>
                <![CDATA[19/08/1984]]>
              </value>
            </param>
          </params>
          <reporter-output>
          </reporter-output>
        </test-method> <!-- testLogin -->
        <test-method status="PASS" signature="testLogin(java.lang.String, java.lang.String, java.lang.String, java.lang.String, java.lang.String)[pri:0, instance:testCases.HybridExecuteTest@76956344]" name="testLogin" duration-ms="270" started-at="2016-10-19T20:08:49Z" data-provider="hybridData" finished-at="2016-10-19T20:08:50Z">
          <params>
            <param index="0">
              <value>
                <![CDATA[]]>
              </value>
            </param>
            <param index="1">
              <value>
                <![CDATA[SETTEXT]]>
              </value>
            </param>
            <param index="2">
              <value>
                <![CDATA[add]]>
              </value>
            </param>
            <param index="3">
              <value>
                <![CDATA[name]]>
              </value>
            </param>
            <param index="4">
              <value>
                <![CDATA[india]]>
              </value>
            </param>
          </params>
          <reporter-output>
          </reporter-output>
        </test-method> <!-- testLogin -->
        <test-method status="PASS" signature="testLogin(java.lang.String, java.lang.String, java.lang.String, java.lang.String, java.lang.String)[pri:0, instance:testCases.HybridExecuteTest@76956344]" name="testLogin" duration-ms="189" started-at="2016-10-19T20:08:50Z" data-provider="hybridData" finished-at="2016-10-19T20:08:50Z">
          <params>
            <param index="0">
              <value>
                <![CDATA[]]>
              </value>
            </param>
            <param index="1">
              <value>
                <![CDATA[SETTEXT]]>
              </value>
            </param>
            <param index="2">
              <value>
                <![CDATA[cty]]>
              </value>
            </param>
            <param index="3">
              <value>
                <![CDATA[name]]>
              </value>
            </param>
            <param index="4">
              <value>
                <![CDATA[navi mumbai]]>
              </value>
            </param>
          </params>
          <reporter-output>
          </reporter-output>
        </test-method> <!-- testLogin -->
        <test-method status="PASS" signature="testLogin(java.lang.String, java.lang.String, java.lang.String, java.lang.String, java.lang.String)[pri:0, instance:testCases.HybridExecuteTest@76956344]" name="testLogin" duration-ms="124" started-at="2016-10-19T20:08:50Z" data-provider="hybridData" finished-at="2016-10-19T20:08:50Z">
          <params>
            <param index="0">
              <value>
                <![CDATA[]]>
              </value>
            </param>
            <param index="1">
              <value>
                <![CDATA[SETTEXT]]>
              </value>
            </param>
            <param index="2">
              <value>
                <![CDATA[sta]]>
              </value>
            </param>
            <param index="3">
              <value>
                <![CDATA[name]]>
              </value>
            </param>
            <param index="4">
              <value>
                <![CDATA[maharashtra]]>
              </value>
            </param>
          </params>
          <reporter-output>
          </reporter-output>
        </test-method> <!-- testLogin -->
        <test-method status="PASS" signature="testLogin(java.lang.String, java.lang.String, java.lang.String, java.lang.String, java.lang.String)[pri:0, instance:testCases.HybridExecuteTest@76956344]" name="testLogin" duration-ms="136" started-at="2016-10-19T20:08:50Z" data-provider="hybridData" finished-at="2016-10-19T20:08:50Z">
          <params>
            <param index="0">
              <value>
                <![CDATA[]]>
              </value>
            </param>
            <param index="1">
              <value>
                <![CDATA[SETTEXT]]>
              </value>
            </param>
            <param index="2">
              <value>
                <![CDATA[pin]]>
              </value>
            </param>
            <param index="3">
              <value>
                <![CDATA[name]]>
              </value>
            </param>
            <param index="4">
              <value>
                <![CDATA[400701.0]]>
              </value>
            </param>
          </params>
          <reporter-output>
          </reporter-output>
        </test-method> <!-- testLogin -->
        <test-method status="PASS" signature="testLogin(java.lang.String, java.lang.String, java.lang.String, java.lang.String, java.lang.String)[pri:0, instance:testCases.HybridExecuteTest@76956344]" name="testLogin" duration-ms="142" started-at="2016-10-19T20:08:50Z" data-provider="hybridData" finished-at="2016-10-19T20:08:50Z">
          <params>
            <param index="0">
              <value>
                <![CDATA[]]>
              </value>
            </param>
            <param index="1">
              <value>
                <![CDATA[SETTEXT]]>
              </value>
            </param>
            <param index="2">
              <value>
                <![CDATA[mob]]>
              </value>
            </param>
            <param index="3">
              <value>
                <![CDATA[name]]>
              </value>
            </param>
            <param index="4">
              <value>
                <![CDATA[988555.0]]>
              </value>
            </param>
          </params>
          <reporter-output>
          </reporter-output>
        </test-method> <!-- testLogin -->
        <test-method status="PASS" signature="testLogin(java.lang.String, java.lang.String, java.lang.String, java.lang.String, java.lang.String)[pri:0, instance:testCases.HybridExecuteTest@76956344]" name="testLogin" duration-ms="196" started-at="2016-10-19T20:08:50Z" data-provider="hybridData" finished-at="2016-10-19T20:08:50Z">
          <params>
            <param index="0">
              <value>
                <![CDATA[]]>
              </value>
            </param>
            <param index="1">
              <value>
                <![CDATA[SETTEXT]]>
              </value>
            </param>
            <param index="2">
              <value>
                <![CDATA[email]]>
              </value>
            </param>
            <param index="3">
              <value>
                <![CDATA[name]]>
              </value>
            </param>
            <param index="4">
              <value>
                <![CDATA[test123j7@gfddmail.com]]>
              </value>
            </param>
          </params>
          <reporter-output>
          </reporter-output>
        </test-method> <!-- testLogin -->
        <test-method status="PASS" signature="testLogin(java.lang.String, java.lang.String, java.lang.String, java.lang.String, java.lang.String)[pri:0, instance:testCases.HybridExecuteTest@76956344]" name="testLogin" duration-ms="128" started-at="2016-10-19T20:08:50Z" data-provider="hybridData" finished-at="2016-10-19T20:08:51Z">
          <params>
            <param index="0">
              <value>
                <![CDATA[]]>
              </value>
            </param>
            <param index="1">
              <value>
                <![CDATA[SETTEXT]]>
              </value>
            </param>
            <param index="2">
              <value>
                <![CDATA[pass]]>
              </value>
            </param>
            <param index="3">
              <value>
                <![CDATA[name]]>
              </value>
            </param>
            <param index="4">
              <value>
                <![CDATA[tester]]>
              </value>
            </param>
          </params>
          <reporter-output>
          </reporter-output>
        </test-method> <!-- testLogin -->
        <test-method status="PASS" signature="testLogin(java.lang.String, java.lang.String, java.lang.String, java.lang.String, java.lang.String)[pri:0, instance:testCases.HybridExecuteTest@76956344]" name="testLogin" duration-ms="1294" started-at="2016-10-19T20:08:51Z" data-provider="hybridData" finished-at="2016-10-19T20:08:52Z">
          <params>
            <param index="0">
              <value>
                <![CDATA[]]>
              </value>
            </param>
            <param index="1">
              <value>
                <![CDATA[CLICK]]>
              </value>
            </param>
            <param index="2">
              <value>
                <![CDATA[submit]]>
              </value>
            </param>
            <param index="3">
              <value>
                <![CDATA[name]]>
              </value>
            </param>
            <param index="4">
              <value>
                <![CDATA[sub]]>
              </value>
            </param>
          </params>
          <reporter-output>
          </reporter-output>
        </test-method> <!-- testLogin -->
      </class> <!-- testCases.HybridExecuteTest -->
    </test> <!-- Default test -->
  </suite> <!-- Default suite -->
</testng-results>
