<?xml version="1.0" encoding="UTF-8"?>
<!-- Generated by org.testng.reporters.JUnitXMLReporter -->
<testsuite hostname="Gregorys-MacBook-Pro.local" name="Default test" tests="73" failures="0" timestamp="19 Oct 2016 14:38:52 GMT" time="107.702" errors="0">
  <testcase name="testLogin" time="18.899" classname="testCases.HybridExecuteTest"/>
  <testcase name="testLogin" time="3.323" classname="testCases.HybridExecuteTest"/>
  <testcase name="testLogin" time="0.567" classname="testCases.HybridExecuteTest"/>
  <testcase name="testLogin" time="0.243" classname="testCases.HybridExecuteTest"/>
  <testcase name="testLogin" time="0.711" classname="testCases.HybridExecuteTest"/>
  <testcase name="testLogin" time="7.046" classname="testCases.HybridExecuteTest"/>
  <testcase name="testLogin" time="1.564" classname="testCases.HybridExecuteTest"/>
  <testcase name="testLogin" time="0.268" classname="testCases.HybridExecuteTest"/>
  <testcase name="testLogin" time="0.302" classname="testCases.HybridExecuteTest"/>
  <testcase name="testLogin" time="0.572" classname="testCases.HybridExecuteTest"/>
  <testcase name="testLogin" time="1.256" classname="testCases.HybridExecuteTest"/>
  <testcase name="testLogin" time="0.755" classname="testCases.HybridExecuteTest"/>
  <testcase name="testLogin" time="0.293" classname="testCases.HybridExecuteTest"/>
  <testcase name="testLogin" time="0.253" classname="testCases.HybridExecuteTest"/>
  <testcase name="testLogin" time="0.186" classname="testCases.HybridExecuteTest"/>
  <testcase name="testLogin" time="0.679" classname="testCases.HybridExecuteTest"/>
  <testcase name="testLogin" time="0.281" classname="testCases.HybridExecuteTest"/>
  <testcase name="testLogin" time="0.26" classname="testCases.HybridExecuteTest"/>
  <testcase name="testLogin" time="0.214" classname="testCases.HybridExecuteTest"/>
  <testcase name="testLogin" time="0.241" classname="testCases.HybridExecuteTest"/>
  <testcase name="testLogin" time="0.178" classname="testCases.HybridExecuteTest"/>
  <testcase name="testLogin" time="1.231" classname="testCases.HybridExecuteTest"/>
  <testcase name="testLogin" time="7.697" classname="testCases.HybridExecuteTest"/>
  <testcase name="testLogin" time="1.796" classname="testCases.HybridExecuteTest"/>
  <testcase name="testLogin" time="0.302" classname="testCases.HybridExecuteTest"/>
  <testcase name="testLogin" time="0.208" classname="testCases.HybridExecuteTest"/>
  <testcase name="testLogin" time="0.518" classname="testCases.HybridExecuteTest"/>
  <testcase name="testLogin" time="1.104" classname="testCases.HybridExecuteTest"/>
  <testcase name="testLogin" time="0.702" classname="testCases.HybridExecuteTest"/>
  <testcase name="testLogin" time="0.229" classname="testCases.HybridExecuteTest"/>
  <testcase name="testLogin" time="0.213" classname="testCases.HybridExecuteTest"/>
  <testcase name="testLogin" time="0.16" classname="testCases.HybridExecuteTest"/>
  <testcase name="testLogin" time="0.414" classname="testCases.HybridExecuteTest"/>
  <testcase name="testLogin" time="0.223" classname="testCases.HybridExecuteTest"/>
  <testcase name="testLogin" time="0.279" classname="testCases.HybridExecuteTest"/>
  <testcase name="testLogin" time="0.221" classname="testCases.HybridExecuteTest"/>
  <testcase name="testLogin" time="0.251" classname="testCases.HybridExecuteTest"/>
  <testcase name="testLogin" time="0.18" classname="testCases.HybridExecuteTest"/>
  <testcase name="testLogin" time="1.28" classname="testCases.HybridExecuteTest"/>
  <testcase name="testLogin" time="6.927" classname="testCases.HybridExecuteTest"/>
  <testcase name="testLogin" time="1.591" classname="testCases.HybridExecuteTest"/>
  <testcase name="testLogin" time="0.333" classname="testCases.HybridExecuteTest"/>
  <testcase name="testLogin" time="0.284" classname="testCases.HybridExecuteTest"/>
  <testcase name="testLogin" time="0.655" classname="testCases.HybridExecuteTest"/>
  <testcase name="testLogin" time="1.149" classname="testCases.HybridExecuteTest"/>
  <testcase name="testLogin" time="0.634" classname="testCases.HybridExecuteTest"/>
  <testcase name="testLogin" time="0.274" classname="testCases.HybridExecuteTest"/>
  <testcase name="testLogin" time="0.225" classname="testCases.HybridExecuteTest"/>
  <testcase name="testLogin" time="0.151" classname="testCases.HybridExecuteTest"/>
  <testcase name="testLogin" time="0.319" classname="testCases.HybridExecuteTest"/>
  <testcase name="testLogin" time="0.223" classname="testCases.HybridExecuteTest"/>
  <testcase name="testLogin" time="0.27" classname="testCases.HybridExecuteTest"/>
  <testcase name="testLogin" time="0.194" classname="testCases.HybridExecuteTest"/>
  <testcase name="testLogin" time="0.29" classname="testCases.HybridExecuteTest"/>
  <testcase name="testLogin" time="0.18" classname="testCases.HybridExecuteTest"/>
  <testcase name="testLogin" time="1.421" classname="testCases.HybridExecuteTest"/>
  <testcase name="testLogin" time="7.457" classname="testCases.HybridExecuteTest"/>
  <testcase name="testLogin" time="20.926" classname="testCases.HybridExecuteTest"/>
  <testcase name="testLogin" time="0.303" classname="testCases.HybridExecuteTest"/>
  <testcase name="testLogin" time="0.232" classname="testCases.HybridExecuteTest"/>
  <testcase name="testLogin" time="0.573" classname="testCases.HybridExecuteTest"/>
  <testcase name="testLogin" time="0.783" classname="testCases.HybridExecuteTest"/>
  <testcase name="testLogin" time="0.579" classname="testCases.HybridExecuteTest"/>
  <testcase name="testLogin" time="0.267" classname="testCases.HybridExecuteTest"/>
  <testcase name="testLogin" time="0.316" classname="testCases.HybridExecuteTest"/>
  <testcase name="testLogin" time="0.27" classname="testCases.HybridExecuteTest"/>
  <testcase name="testLogin" time="0.189" classname="testCases.HybridExecuteTest"/>
  <testcase name="testLogin" time="0.124" classname="testCases.HybridExecuteTest"/>
  <testcase name="testLogin" time="0.136" classname="testCases.HybridExecuteTest"/>
  <testcase name="testLogin" time="0.142" classname="testCases.HybridExecuteTest"/>
  <testcase name="testLogin" time="0.196" classname="testCases.HybridExecuteTest"/>
  <testcase name="testLogin" time="0.128" classname="testCases.HybridExecuteTest"/>
  <testcase name="testLogin" time="1.294" classname="testCases.HybridExecuteTest"/>
</testsuite> <!-- Default test -->
