<?xml version="1.0" encoding="UTF-8"?>
<testng-results skipped="0" failed="1" total="1" passed="0">
  <reporter-output>
  </reporter-output>
  <suite name="Default suite" duration-ms="47566" started-at="2017-05-09T19:24:47Z" finished-at="2017-05-09T19:25:35Z">
    <groups>
    </groups>
    <test name="Default test" duration-ms="47566" started-at="2017-05-09T19:24:47Z" finished-at="2017-05-09T19:25:35Z">
      <class name="test.NoPOMTest99GuruLogin">
        <test-method status="FAIL" signature="test_Home_Page_Appear_Correct()[pri:0, instance:test.NoPOMTest99GuruLogin@328908cd]" name="test_Home_Page_Appear_Correct" duration-ms="47500" started-at="2017-05-10T00:54:47Z" finished-at="2017-05-10T00:55:35Z">
          <exception class="org.openqa.selenium.WebDriverException">
            <message>
              <![CDATA[Failed to connect to binary FirefoxBinary(/Applications/Firefox.app/Contents/MacOS/firefox-bin) on port 7055; process output follows: 
UG	getModTime: Recursive scan of {972ce4c6-7e08-4474-a285-3208198ce6fd}
1494357892351	DeferredSave.extensions.json	DEBUG	Save changes
1494357892351	addons.xpi	DEBUG	Updating database with changes to installed add-ons
1494357892351	addons.xpi-utils	DEBUG	Updating add-on states
1494357892352	addons.xpi-utils	DEBUG	Writing add-ons list
1494357892354	addons.xpi	DEBUG	Registering manifest for /Applications/Firefox.app/Contents/Resources/browser/features/aushelper@mozilla.org.xpi
1494357892354	addons.xpi	DEBUG	Calling bootstrap method startup on aushelper@mozilla.org version 2.0
1494357892355	addons.xpi	DEBUG	Registering manifest for /Applications/Firefox.app/Contents/Resources/browser/features/e10srollout@mozilla.org.xpi
1494357892356	addons.xpi	DEBUG	Calling bootstrap method startup on e10srollout@mozilla.org version 1.14
1494357892357	addons.xpi	DEBUG	Registering manifest for /Applications/Firefox.app/Contents/Resources/browser/features/firefox@getpocket.com.xpi
1494357892357	addons.xpi	DEBUG	Calling bootstrap method startup on firefox@getpocket.com version 1.0.5
1494357892358	addons.xpi	DEBUG	Registering manifest for /Applications/Firefox.app/Contents/Resources/browser/features/webcompat@mozilla.org.xpi
1494357892359	addons.xpi	DEBUG	Calling bootstrap method startup on webcompat@mozilla.org version 1.0
1494357892374	addons.manager	DEBUG	Registering shutdown blocker for XPIProvider
1494357892375	addons.manager	DEBUG	Provider finished startup: XPIProvider
1494357892375	addons.manager	DEBUG	Starting provider: LightweightThemeManager
1494357892376	addons.manager	DEBUG	Registering shutdown blocker for LightweightThemeManager
1494357892376	addons.manager	DEBUG	Provider finished startup: LightweightThemeManager
1494357892376	addons.manager	DEBUG	Starting provider: GMPProvider
1494357892381	addons.manager	DEBUG	Registering shutdown blocker for GMPProvider
1494357892381	addons.manager	DEBUG	Provider finished startup: GMPProvider
1494357892381	addons.manager	DEBUG	Starting provider: PluginProvider
1494357892381	addons.manager	DEBUG	Registering shutdown blocker for PluginProvider
1494357892382	addons.manager	DEBUG	Provider finished startup: PluginProvider
1494357892382	addons.manager	DEBUG	Completed startup sequence
1494357893248	addons.manager	DEBUG	Starting provider: <unnamed-provider>
1494357893248	addons.manager	DEBUG	Registering shutdown blocker for <unnamed-provider>
1494357893249	addons.manager	DEBUG	Provider finished startup: <unnamed-provider>
1494357893512	DeferredSave.extensions.json	DEBUG	Write succeeded
1494357893512	addons.xpi-utils	DEBUG	XPI Database saved, setting schema version preference to 19
1494357893512	DeferredSave.extensions.json	DEBUG	Starting timer
1494357893525	addons.repository	DEBUG	No addons.json found.
1494357893525	DeferredSave.addons.json	DEBUG	Save changes
1494357893542	DeferredSave.addons.json	DEBUG	Starting timer
1494357893980	addons.manager	DEBUG	Starting provider: PreviousExperimentProvider
1494357893980	addons.manager	DEBUG	Registering shutdown blocker for PreviousExperimentProvider
1494357893980	addons.manager	DEBUG	Provider finished startup: PreviousExperimentProvider
1494357893996	DeferredSave.extensions.json	DEBUG	Starting write
1494357893998	DeferredSave.addons.json	DEBUG	Starting write
1494357894033	DeferredSave.extensions.json	DEBUG	Write succeeded
1494357894039	DeferredSave.addons.json	DEBUG	Write succeeded
2017-05-10 00:54:58.055 plugin-container[3580:76169] *** CFMessagePort: bootstrap_register(): failed 1100 (0x44c) 'Permission denied', port = 0x8a3b, name = 'com.apple.tsm.portname'
See /usr/include/servers/bootstrap_defs.h for the error codes.
2017-05-10 00:54:58.058 plugin-container[3580:76169] *** CFMessagePort: bootstrap_register(): failed 1100 (0x44c) 'Permission denied', port = 0x8d27, name = 'com.apple.CFPasteboardClient'
See /usr/include/servers/bootstrap_defs.h for the error codes.
2017-05-10 00:54:58.058 plugin-container[3580:76169] void __CFPasteboardSetup() : Failed to allocate communication port for com.apple.CFPasteboardClient; this is likely due to sandbox restrictions

Build info: version: '2.53.0', revision: '35ae25b', time: '2016-03-15 17:00:58'
System info: host: 'Gregorys-MBP', ip: '192.168.43.30', os.name: 'Mac OS X', os.arch: 'x86_64', os.version: '10.11.3', java.version: '1.7.0_79'
Driver info: driver.version: FirefoxDriver]]>
            </message>
            <full-stacktrace>
              <![CDATA[org.openqa.selenium.WebDriverException: Failed to connect to binary FirefoxBinary(/Applications/Firefox.app/Contents/MacOS/firefox-bin) on port 7055; process output follows: 
UG	getModTime: Recursive scan of {972ce4c6-7e08-4474-a285-3208198ce6fd}
1494357892351	DeferredSave.extensions.json	DEBUG	Save changes
1494357892351	addons.xpi	DEBUG	Updating database with changes to installed add-ons
1494357892351	addons.xpi-utils	DEBUG	Updating add-on states
1494357892352	addons.xpi-utils	DEBUG	Writing add-ons list
1494357892354	addons.xpi	DEBUG	Registering manifest for /Applications/Firefox.app/Contents/Resources/browser/features/aushelper@mozilla.org.xpi
1494357892354	addons.xpi	DEBUG	Calling bootstrap method startup on aushelper@mozilla.org version 2.0
1494357892355	addons.xpi	DEBUG	Registering manifest for /Applications/Firefox.app/Contents/Resources/browser/features/e10srollout@mozilla.org.xpi
1494357892356	addons.xpi	DEBUG	Calling bootstrap method startup on e10srollout@mozilla.org version 1.14
1494357892357	addons.xpi	DEBUG	Registering manifest for /Applications/Firefox.app/Contents/Resources/browser/features/firefox@getpocket.com.xpi
1494357892357	addons.xpi	DEBUG	Calling bootstrap method startup on firefox@getpocket.com version 1.0.5
1494357892358	addons.xpi	DEBUG	Registering manifest for /Applications/Firefox.app/Contents/Resources/browser/features/webcompat@mozilla.org.xpi
1494357892359	addons.xpi	DEBUG	Calling bootstrap method startup on webcompat@mozilla.org version 1.0
1494357892374	addons.manager	DEBUG	Registering shutdown blocker for XPIProvider
1494357892375	addons.manager	DEBUG	Provider finished startup: XPIProvider
1494357892375	addons.manager	DEBUG	Starting provider: LightweightThemeManager
1494357892376	addons.manager	DEBUG	Registering shutdown blocker for LightweightThemeManager
1494357892376	addons.manager	DEBUG	Provider finished startup: LightweightThemeManager
1494357892376	addons.manager	DEBUG	Starting provider: GMPProvider
1494357892381	addons.manager	DEBUG	Registering shutdown blocker for GMPProvider
1494357892381	addons.manager	DEBUG	Provider finished startup: GMPProvider
1494357892381	addons.manager	DEBUG	Starting provider: PluginProvider
1494357892381	addons.manager	DEBUG	Registering shutdown blocker for PluginProvider
1494357892382	addons.manager	DEBUG	Provider finished startup: PluginProvider
1494357892382	addons.manager	DEBUG	Completed startup sequence
1494357893248	addons.manager	DEBUG	Starting provider: <unnamed-provider>
1494357893248	addons.manager	DEBUG	Registering shutdown blocker for <unnamed-provider>
1494357893249	addons.manager	DEBUG	Provider finished startup: <unnamed-provider>
1494357893512	DeferredSave.extensions.json	DEBUG	Write succeeded
1494357893512	addons.xpi-utils	DEBUG	XPI Database saved, setting schema version preference to 19
1494357893512	DeferredSave.extensions.json	DEBUG	Starting timer
1494357893525	addons.repository	DEBUG	No addons.json found.
1494357893525	DeferredSave.addons.json	DEBUG	Save changes
1494357893542	DeferredSave.addons.json	DEBUG	Starting timer
1494357893980	addons.manager	DEBUG	Starting provider: PreviousExperimentProvider
1494357893980	addons.manager	DEBUG	Registering shutdown blocker for PreviousExperimentProvider
1494357893980	addons.manager	DEBUG	Provider finished startup: PreviousExperimentProvider
1494357893996	DeferredSave.extensions.json	DEBUG	Starting write
1494357893998	DeferredSave.addons.json	DEBUG	Starting write
1494357894033	DeferredSave.extensions.json	DEBUG	Write succeeded
1494357894039	DeferredSave.addons.json	DEBUG	Write succeeded
2017-05-10 00:54:58.055 plugin-container[3580:76169] *** CFMessagePort: bootstrap_register(): failed 1100 (0x44c) 'Permission denied', port = 0x8a3b, name = 'com.apple.tsm.portname'
See /usr/include/servers/bootstrap_defs.h for the error codes.
2017-05-10 00:54:58.058 plugin-container[3580:76169] *** CFMessagePort: bootstrap_register(): failed 1100 (0x44c) 'Permission denied', port = 0x8d27, name = 'com.apple.CFPasteboardClient'
See /usr/include/servers/bootstrap_defs.h for the error codes.
2017-05-10 00:54:58.058 plugin-container[3580:76169] void __CFPasteboardSetup() : Failed to allocate communication port for com.apple.CFPasteboardClient; this is likely due to sandbox restrictions

Build info: version: '2.53.0', revision: '35ae25b', time: '2016-03-15 17:00:58'
System info: host: 'Gregorys-MBP', ip: '192.168.43.30', os.name: 'Mac OS X', os.arch: 'x86_64', os.version: '10.11.3', java.version: '1.7.0_79'
Driver info: driver.version: FirefoxDriver
	at org.openqa.selenium.firefox.internal.NewProfileExtensionConnection.start(NewProfileExtensionConnection.java:124)
	at org.openqa.selenium.firefox.FirefoxDriver.startClient(FirefoxDriver.java:271)
	at org.openqa.selenium.remote.RemoteWebDriver.<init>(RemoteWebDriver.java:119)
	at org.openqa.selenium.firefox.FirefoxDriver.<init>(FirefoxDriver.java:218)
	at org.openqa.selenium.firefox.FirefoxDriver.<init>(FirefoxDriver.java:211)
	at org.openqa.selenium.firefox.FirefoxDriver.<init>(FirefoxDriver.java:207)
	at org.openqa.selenium.firefox.FirefoxDriver.<init>(FirefoxDriver.java:120)
	at test.NoPOMTest99GuruLogin.test_Home_Page_Appear_Correct(NoPOMTest99GuruLogin.java:22)
	at sun.reflect.NativeMethodAccessorImpl.invoke0(Native Method)
	at sun.reflect.NativeMethodAccessorImpl.invoke(NativeMethodAccessorImpl.java:57)
	at sun.reflect.DelegatingMethodAccessorImpl.invoke(DelegatingMethodAccessorImpl.java:43)
	at java.lang.reflect.Method.invoke(Method.java:606)
	at org.testng.internal.MethodInvocationHelper.invokeMethod(MethodInvocationHelper.java:86)
	at org.testng.internal.Invoker.invokeMethod(Invoker.java:646)
	at org.testng.internal.Invoker.invokeTestMethod(Invoker.java:823)
	at org.testng.internal.Invoker.invokeTestMethods(Invoker.java:1131)
	at org.testng.internal.TestMethodWorker.invokeTestMethods(TestMethodWorker.java:129)
	at org.testng.internal.TestMethodWorker.run(TestMethodWorker.java:112)
	at org.testng.TestRunner.privateRun(TestRunner.java:778)
	at org.testng.TestRunner.run(TestRunner.java:632)
	at org.testng.SuiteRunner.runTest(SuiteRunner.java:366)
	at org.testng.SuiteRunner.runSequentially(SuiteRunner.java:361)
	at org.testng.SuiteRunner.privateRun(SuiteRunner.java:319)
	at org.testng.SuiteRunner.run(SuiteRunner.java:268)
	at org.testng.SuiteRunnerWorker.runSuite(SuiteRunnerWorker.java:52)
	at org.testng.SuiteRunnerWorker.run(SuiteRunnerWorker.java:86)
	at org.testng.TestNG.runSuitesSequentially(TestNG.java:1225)
	at org.testng.TestNG.runSuitesLocally(TestNG.java:1150)
	at org.testng.TestNG.runSuites(TestNG.java:1075)
	at org.testng.TestNG.run(TestNG.java:1047)
	at org.testng.remote.AbstractRemoteTestNG.run(AbstractRemoteTestNG.java:126)
	at org.testng.remote.RemoteTestNG.initAndRun(RemoteTestNG.java:137)
	at org.testng.remote.RemoteTestNG.main(RemoteTestNG.java:58)
Caused by: org.openqa.selenium.firefox.NotConnectedException: Unable to connect to host 127.0.0.1 on port 7055 after 45000 ms. Firefox console output:
UG	getModTime: Recursive scan of {972ce4c6-7e08-4474-a285-3208198ce6fd}
1494357892351	DeferredSave.extensions.json	DEBUG	Save changes
1494357892351	addons.xpi	DEBUG	Updating database with changes to installed add-ons
1494357892351	addons.xpi-utils	DEBUG	Updating add-on states
1494357892352	addons.xpi-utils	DEBUG	Writing add-ons list
1494357892354	addons.xpi	DEBUG	Registering manifest for /Applications/Firefox.app/Contents/Resources/browser/features/aushelper@mozilla.org.xpi
1494357892354	addons.xpi	DEBUG	Calling bootstrap method startup on aushelper@mozilla.org version 2.0
1494357892355	addons.xpi	DEBUG	Registering manifest for /Applications/Firefox.app/Contents/Resources/browser/features/e10srollout@mozilla.org.xpi
1494357892356	addons.xpi	DEBUG	Calling bootstrap method startup on e10srollout@mozilla.org version 1.14
1494357892357	addons.xpi	DEBUG	Registering manifest for /Applications/Firefox.app/Contents/Resources/browser/features/firefox@getpocket.com.xpi
1494357892357	addons.xpi	DEBUG	Calling bootstrap method startup on firefox@getpocket.com version 1.0.5
1494357892358	addons.xpi	DEBUG	Registering manifest for /Applications/Firefox.app/Contents/Resources/browser/features/webcompat@mozilla.org.xpi
1494357892359	addons.xpi	DEBUG	Calling bootstrap method startup on webcompat@mozilla.org version 1.0
1494357892374	addons.manager	DEBUG	Registering shutdown blocker for XPIProvider
1494357892375	addons.manager	DEBUG	Provider finished startup: XPIProvider
1494357892375	addons.manager	DEBUG	Starting provider: LightweightThemeManager
1494357892376	addons.manager	DEBUG	Registering shutdown blocker for LightweightThemeManager
1494357892376	addons.manager	DEBUG	Provider finished startup: LightweightThemeManager
1494357892376	addons.manager	DEBUG	Starting provider: GMPProvider
1494357892381	addons.manager	DEBUG	Registering shutdown blocker for GMPProvider
1494357892381	addons.manager	DEBUG	Provider finished startup: GMPProvider
1494357892381	addons.manager	DEBUG	Starting provider: PluginProvider
1494357892381	addons.manager	DEBUG	Registering shutdown blocker for PluginProvider
1494357892382	addons.manager	DEBUG	Provider finished startup: PluginProvider
1494357892382	addons.manager	DEBUG	Completed startup sequence
1494357893248	addons.manager	DEBUG	Starting provider: <unnamed-provider>
1494357893248	addons.manager	DEBUG	Registering shutdown blocker for <unnamed-provider>
1494357893249	addons.manager	DEBUG	Provider finished startup: <unnamed-provider>
1494357893512	DeferredSave.extensions.json	DEBUG	Write succeeded
1494357893512	addons.xpi-utils	DEBUG	XPI Database saved, setting schema version preference to 19
1494357893512	DeferredSave.extensions.json	DEBUG	Starting timer
1494357893525	addons.repository	DEBUG	No addons.json found.
1494357893525	DeferredSave.addons.json	DEBUG	Save changes
1494357893542	DeferredSave.addons.json	DEBUG	Starting timer
1494357893980	addons.manager	DEBUG	Starting provider: PreviousExperimentProvider
1494357893980	addons.manager	DEBUG	Registering shutdown blocker for PreviousExperimentProvider
1494357893980	addons.manager	DEBUG	Provider finished startup: PreviousExperimentProvider
1494357893996	DeferredSave.extensions.json	DEBUG	Starting write
1494357893998	DeferredSave.addons.json	DEBUG	Starting write
1494357894033	DeferredSave.extensions.json	DEBUG	Write succeeded
1494357894039	DeferredSave.addons.json	DEBUG	Write succeeded
2017-05-10 00:54:58.055 plugin-container[3580:76169] *** CFMessagePort: bootstrap_register(): failed 1100 (0x44c) 'Permission denied', port = 0x8a3b, name = 'com.apple.tsm.portname'
See /usr/include/servers/bootstrap_defs.h for the error codes.
2017-05-10 00:54:58.058 plugin-container[3580:76169] *** CFMessagePort: bootstrap_register(): failed 1100 (0x44c) 'Permission denied', port = 0x8d27, name = 'com.apple.CFPasteboardClient'
See /usr/include/servers/bootstrap_defs.h for the error codes.
2017-05-10 00:54:58.058 plugin-container[3580:76169] void __CFPasteboardSetup() : Failed to allocate communication port for com.apple.CFPasteboardClient; this is likely due to sandbox restrictions

	at org.openqa.selenium.firefox.internal.NewProfileExtensionConnection.start(NewProfileExtensionConnection.java:112)
	... 32 more
]]>
            </full-stacktrace>
          </exception> <!-- org.openqa.selenium.WebDriverException -->
          <reporter-output>
          </reporter-output>
        </test-method> <!-- test_Home_Page_Appear_Correct -->
      </class> <!-- test.NoPOMTest99GuruLogin -->
    </test> <!-- Default test -->
  </suite> <!-- Default suite -->
</testng-results>
