<?xml version="1.0" encoding="UTF-8"?>
<!-- Generated by org.testng.reporters.JUnitXMLReporter -->
<testsuite hostname="Gregorys-MBP" name="Default test" tests="3" failures="0" timestamp="10 May 2017 05:14:22 GMT" time="21.539" errors="0">
  <testcase name="test_Home_Page_Appear_Correct" time="5.588" classname="test.NoPOMTest99GuruLogin"/>
  <testcase name="test_Home_Page_Appear_Correct" time="3.005" classname="test.Test99GuruLogin"/>
  <testcase name="test_Home_Page_Appear_Correct" time="2.768" classname="test.Test99GuruLoginWithPageFactory"/>
</testsuite> <!-- Default test -->
